0 info it worked if it ends with ok
1 verbose cli [ '/Users/hx/.nvm/versions/node/v5.0.0/bin/node',
1 verbose cli   '/Users/hx/.nvm/versions/node/v5.0.0/bin/npm',
1 verbose cli   'publish' ]
2 info using npm@3.3.6
3 info using node@v5.0.0
4 verbose publish [ '.' ]
5 silly cache add args [ '.', null ]
6 verbose cache add spec .
7 silly cache add parsed spec Result {
7 silly cache add   raw: '.',
7 silly cache add   scope: null,
7 silly cache add   name: null,
7 silly cache add   rawSpec: '.',
7 silly cache add   spec: '/Users/hx/github/web-cli',
7 silly cache add   type: 'directory' }
8 verbose addLocalDirectory /Users/hx/.npm/web-app-cli/1.0.10/package.tgz not in flight; packing
9 info lifecycle web-app-cli@1.0.10~prepublish: web-app-cli@1.0.10
10 silly lifecycle web-app-cli@1.0.10~prepublish: no script for prepublish, continuing
11 verbose tar pack [ '/Users/hx/.npm/web-app-cli/1.0.10/package.tgz',
11 verbose tar pack   '/Users/hx/github/web-cli' ]
12 verbose tarball /Users/hx/.npm/web-app-cli/1.0.10/package.tgz
13 verbose folder /Users/hx/github/web-cli
14 verbose addLocalTarball adding from inside cache /Users/hx/.npm/web-app-cli/1.0.10/package.tgz
15 silly cache afterAdd web-app-cli@1.0.10
16 verbose afterAdd /Users/hx/.npm/web-app-cli/1.0.10/package/package.json not in flight; writing
17 verbose afterAdd /Users/hx/.npm/web-app-cli/1.0.10/package/package.json written
18 silly publish { name: 'web-app-cli',
18 silly publish   version: '1.0.10',
18 silly publish   description: 'A simple CLI for create webapp projects.',
18 silly publish   preferGlobal: true,
18 silly publish   bin:
18 silly publish    { webapp: 'bin/webapp',
18 silly publish      'webapp-init': 'bin/webapp-init',
18 silly publish      'webapp-list': 'bin/webapp-list' },
18 silly publish   repository:
18 silly publish    { type: 'git',
18 silly publish      url: 'git+https://github.com/zhouzhihu/webapp-cli.git' },
18 silly publish   keywords: [ 'webapp', 'cli' ],
18 silly publish   author: { name: 'zhouzhihu' },
18 silly publish   license: 'MIT',
18 silly publish   bugs: { url: 'https://github.com/zhouzhihu/webapp-cli/issues' },
18 silly publish   homepage: 'https://github.com/zhouzhihu/webapp-cli#readme',
18 silly publish   engines: { node: '>=4.0.0' },
18 silly publish   dependencies:
18 silly publish    { async: '^2.1.4',
18 silly publish      chalk: '^1.1.3',
18 silly publish      commander: '^2.9.0',
18 silly publish      consolidate: '^0.14.5',
18 silly publish      'download-git-repo': '^0.2.1',
18 silly publish      handlebars: '^4.0.6',
18 silly publish      inquirer: '^2.0.0',
18 silly publish      metalsmith: '^2.3.0',
18 silly publish      minimatch: '^3.0.3',
18 silly publish      multimatch: '^2.1.0',
18 silly publish      ora: '^0.4.1',
18 silly publish      os: '^0.1.1',
18 silly publish      'read-metadata': '^1.0.0',
18 silly publish      rimraf: '^2.5.4',
18 silly publish      uid: '0.0.2',
18 silly publish      'validate-npm-package-name': '^2.2.2' },
18 silly publish   readme: '# webapp-cli\n\nA simple CLI for create webapp projects.\n\n### Installation\n\nPrerequisites: [Node.js](https://nodejs.org/en/) (>=4.x, 6.x preferred) and [Git](https://git-scm.com/).\n\n``` bash\n$ npm install -g web-app-cli\n```\n\n### Usage\n\n``` bash\n$ webapp init <template-name> <project-name>\n```\n\nExample:\n\n``` bash\n$ webapp init webpack-spa my-project\n```\n\nThe above command pulls the template from [webapp-templates/webpack](https://github.com/zhouzhihu/webpack), prompts for some information, and generates the project at `./my-project/`.\n\n### Templates\n\nCurrent available templates include:\n\n- [webpack-spa](https://github.com/zhouzhihu/webpack) - SPA Page, A full-featured Webpack + vue-loader setup with hot reload, linting, testing & css extraction.\n\n- [webpack-multi](https://github.com/vuejs-templates/webpack-multi) - Multi Page, A full-featured Webpack + vue-loader setup with hot reload, linting, testing & css extraction.\n\n\n### License\n\n[MIT](http://opensource.org/licenses/MIT)\n',
18 silly publish   readmeFilename: 'README.md',
18 silly publish   gitHead: '354086eed95f98d6571fab1aee19be4d0113b34d',
18 silly publish   _id: 'web-app-cli@1.0.10',
18 silly publish   scripts: {},
18 silly publish   _shasum: '60634402b63353ab5df00b18cc14d7992f363154',
18 silly publish   _from: '.' }
19 verbose getPublishConfig undefined
20 silly mapToRegistry name web-app-cli
21 silly mapToRegistry using default registry
22 silly mapToRegistry registry http://npm.corp.bianlifeng.com:7001/
23 silly mapToRegistry uri http://npm.corp.bianlifeng.com:7001/web-app-cli
24 verbose publish registryBase http://npm.corp.bianlifeng.com:7001/
25 silly publish uploading /Users/hx/.npm/web-app-cli/1.0.10/package.tgz
26 verbose request uri http://npm.corp.bianlifeng.com:7001/web-app-cli
27 verbose request sending authorization for write operation
28 info attempt registry request try #1 at 21:20:50
29 verbose request id 2fa926fb7f04925d
30 http request PUT http://npm.corp.bianlifeng.com:7001/web-app-cli
31 http 403 http://npm.corp.bianlifeng.com:7001/web-app-cli
32 verbose headers { 'x-current-requests': '1',
32 verbose headers   vary: 'Origin, Accept-Encoding',
32 verbose headers   'content-type': 'application/json; charset=utf-8',
32 verbose headers   'content-length': '70',
32 verbose headers   'x-readtime': '24',
32 verbose headers   date: 'Wed, 17 Jan 2018 13:20:48 GMT',
32 verbose headers   connection: 'keep-alive' }
33 verbose request invalidating /Users/hx/.npm/npm.corp.bianlifeng.com_7001/web-app-cli on PUT
34 error publish Failed PUT 403
35 verbose stack Error: no_perms only allow publish with @wnpm scope(s): web-app-cli
35 verbose stack     at makeError (/Users/hx/.nvm/versions/node/v5.0.0/lib/node_modules/npm/node_modules/npm-registry-client/lib/request.js:264:12)
35 verbose stack     at CachingRegistryClient.<anonymous> (/Users/hx/.nvm/versions/node/v5.0.0/lib/node_modules/npm/node_modules/npm-registry-client/lib/request.js:252:14)
35 verbose stack     at Request._callback (/Users/hx/.nvm/versions/node/v5.0.0/lib/node_modules/npm/node_modules/npm-registry-client/lib/request.js:172:14)
35 verbose stack     at Request.self.callback (/Users/hx/.nvm/versions/node/v5.0.0/lib/node_modules/npm/node_modules/request/request.js:198:22)
35 verbose stack     at emitTwo (events.js:87:13)
35 verbose stack     at Request.emit (events.js:172:7)
35 verbose stack     at Request.<anonymous> (/Users/hx/.nvm/versions/node/v5.0.0/lib/node_modules/npm/node_modules/request/request.js:1063:14)
35 verbose stack     at emitOne (events.js:82:20)
35 verbose stack     at Request.emit (events.js:169:7)
35 verbose stack     at IncomingMessage.<anonymous> (/Users/hx/.nvm/versions/node/v5.0.0/lib/node_modules/npm/node_modules/request/request.js:1009:12)
36 verbose statusCode 403
37 verbose pkgid web-app-cli
38 verbose cwd /Users/hx/github/web-cli
39 error Darwin 16.7.0
40 error argv "/Users/hx/.nvm/versions/node/v5.0.0/bin/node" "/Users/hx/.nvm/versions/node/v5.0.0/bin/npm" "publish"
41 error node v5.0.0
42 error npm  v3.3.6
43 error code E403
44 error no_perms only allow publish with @wnpm scope(s): web-app-cli
45 error If you need help, you may report this error at:
45 error     <https://github.com/npm/npm/issues>
46 verbose exit [ 1, true ]
